2026-06-03 16:56:08,251 - twister - INFO - Using Ninja..
2026-06-03 16:56:08,343 - twister - INFO - Zephyr version: v4.2.0
2026-06-03 16:56:08,346 - twister - DEBUG - Running cmake script /home/jcalixto/Documents/zephyr-training/deps/zephyr/cmake/verify-toolchain.cmake
2026-06-03 16:56:08,346 - twister - DEBUG - Calling cmake: /usr/bin/cmake -DFORMAT=json -P /home/jcalixto/Documents/zephyr-training/deps/zephyr/cmake/verify-toolchain.cmake
2026-06-03 16:56:09,731 - twister - DEBUG - Finished running /home/jcalixto/Documents/zephyr-training/deps/zephyr/cmake/verify-toolchain.cmake
2026-06-03 16:56:09,731 - twister - INFO - Using 'zephyr' toolchain.
2026-06-03 16:56:11,597 - twister - DEBUG - Reading testsuite configuration files under /home/jcalixto/Documents/zephyr-training/zephyr-course/tests/ring_buf...
2026-06-03 16:56:11,597 - twister - DEBUG - Found possible testsuite in /home/jcalixto/Documents/zephyr-training/zephyr-course/tests/ring_buf
2026-06-03 16:56:11,602 - twister - DEBUG - No duplicates found.
2026-06-03 16:56:11,603 - twister - DEBUG - platform filter: ['native_sim']
2026-06-03 16:56:11,603 - twister - DEBUG -   vendor filter: []
2026-06-03 16:56:11,603 - twister - DEBUG -     arch_filter: None
2026-06-03 16:56:11,603 - twister - DEBUG -      tag_filter: None
2026-06-03 16:56:11,603 - twister - DEBUG -     exclude_tag: None
2026-06-03 16:56:11,603 - twister - DEBUG - Checking platform filter: ['native_sim']
2026-06-03 16:56:11,603 - twister - INFO - Building initial testsuite list...
2026-06-03 16:56:11,603 - twister - INFO - Writing JSON report /home/jcalixto/Documents/zephyr-training/zephyr-course/twister-out/testplan.json
2026-06-03 16:56:11,620 - twister - INFO - JOBS: 8
2026-06-03 16:56:11,620 - twister - INFO - Adding tasks to the queue...
2026-06-03 16:56:11,620 - twister - DEBUG - adding native_sim/native/host/homework.unit.ring_buf
2026-06-03 16:56:11,621 - twister - INFO - Added initial list of jobs to queue
2026-06-03 16:56:11,628 - twister - DEBUG - Running cmake on /home/jcalixto/Documents/zephyr-training/zephyr-course/tests/ring_buf for native_sim/native
2026-06-03 16:56:11,629 - twister - DEBUG - Calling cmake: /usr/bin/cmake -B/home/jcalixto/Documents/zephyr-training/zephyr-course/twister-out/native_sim_native/host/homework.unit.ring_buf -DTC_RUNID=c0ab69bb9b5c1a7ab0e1b524748b0756 -DTC_NAME=homework.unit.ring_buf -DCONFIG_COMPILER_WARNINGS_AS_ERRORS=y -DEXTRA_GEN_EDT_ARGS=--edtlib-Werror -GNinja -DPython3_EXECUTABLE=/home/jcalixto/zephyrproject/.venv/bin/python3 -DZEPHYR_TOOLCHAIN_VARIANT=host -S/home/jcalixto/Documents/zephyr-training/zephyr-course/tests/ring_buf -DBOARD=native_sim/native
2026-06-03 16:56:11,637 - twister - DEBUG - Launched 8 jobs
2026-06-03 16:56:17,882 - twister - DEBUG - Finished running cmake /home/jcalixto/Documents/zephyr-training/zephyr-course/tests/ring_buf for native_sim/native in 6.25 seconds
2026-06-03 16:56:17,885 - twister - DEBUG - build test: native_sim/native/host/homework.unit.ring_buf
2026-06-03 16:56:17,885 - twister - DEBUG - Building /home/jcalixto/Documents/zephyr-training/zephyr-course/tests/ring_buf for native_sim/native
2026-06-03 16:56:17,886 - twister - DEBUG - Running /usr/bin/cmake --build /home/jcalixto/Documents/zephyr-training/zephyr-course/twister-out/native_sim_native/host/homework.unit.ring_buf
2026-06-03 16:56:23,026 - twister - DEBUG - Finished building /home/jcalixto/Documents/zephyr-training/zephyr-course/tests/ring_buf for native_sim/native in 5.14 seconds
2026-06-03 16:56:23,027 - twister - DEBUG - Determine test cases for test instance: native_sim/native/host/homework.unit.ring_buf
2026-06-03 16:56:23,027 - twister - DEBUG - Determine test cases for test suite: homework.unit.ring_buf
2026-06-03 16:56:23,089 - twister - DEBUG - Test instance native_sim/native/host/homework.unit.ring_buf already has 8 testcase(s) known: [<TestCase homework.unit.ring_buf.ring_buf_init.fresh_state with None>, <TestCase homework.unit.ring_buf.ring_buf_push_pop.fifo_order with None>, <TestCase homework.unit.ring_buf.ring_buf_push_pop.single_push_pop with None>, <TestCase homework.unit.ring_buf.ring_buf_boundaries.is_full_after_fill with None>, <TestCase homework.unit.ring_buf.ring_buf_boundaries.peek_does_not_consume with None>, <TestCase homework.unit.ring_buf.ring_buf_boundaries.pop_null_returns_einval with None>, <TestCase homework.unit.ring_buf.ring_buf_init.reinit_clears_state with None>, <TestCase homework.unit.ring_buf.ring_buf_push_pop.push_full_returns_enospc with None>]
2026-06-03 16:56:23,089 - twister - DEBUG - Detected 8 Ztest case(s): [homework.unit.ring_buf.ring_buf_boundaries.is_full_after_fill, homework.unit.ring_buf.ring_buf_boundaries.pop_null_returns_einval, homework.unit.ring_buf.ring_buf_boundaries.peek_does_not_consume, homework.unit.ring_buf.ring_buf_push_pop.push_full_returns_enospc, homework.unit.ring_buf.ring_buf_push_pop.fifo_order, homework.unit.ring_buf.ring_buf_push_pop.single_push_pop, homework.unit.ring_buf.ring_buf_init.reinit_clears_state, homework.unit.ring_buf.ring_buf_init.fresh_state] in /home/jcalixto/Documents/zephyr-training/zephyr-course/twister-out/native_sim_native/host/homework.unit.ring_buf/zephyr/zephyr.elf
2026-06-03 16:56:23,092 - twister - DEBUG - run test: native_sim/native/host/homework.unit.ring_buf
2026-06-03 16:56:23,092 - twister - DEBUG - Reset instance status from 'passed' to None before run.
2026-06-03 16:56:23,092 - twister - DEBUG - Spawning process: /home/jcalixto/Documents/zephyr-training/zephyr-course/twister-out/native_sim_native/host/homework.unit.ring_buf/zephyr/zephyr.exe
in directory: /home/jcalixto/Documents/zephyr-training/zephyr-course/twister-out/native_sim_native/host/homework.unit.ring_buf
2026-06-03 16:56:23,093 - twister - DEBUG - Spawning BinaryHandler Thread for native_sim/native/host/homework.unit.ring_buf
2026-06-03 16:56:23,105 - twister - DEBUG - OUTPUT: *** Booting Zephyr OS build v4.2.0 ***
2026-06-03 16:56:23,105 - twister - DEBUG - OUTPUT: Running TESTSUITE ring_buf_boundaries
2026-06-03 16:56:23,106 - twister - DEBUG - OUTPUT: ===================================================================
2026-06-03 16:56:23,106 - twister - DEBUG - OUTPUT: START - test_pop_null_returns_einval
2026-06-03 16:56:23,107 - twister - DEBUG - OUTPUT: [00:00:00.000,000] [1;31m<err> ring_buf: value pointer is NULL[0m
2026-06-03 16:56:23,107 - twister - DEBUG - OUTPUT:  PASS - test_pop_null_returns_einval in 0.000 seconds
2026-06-03 16:56:23,107 - twister - DEBUG - OUTPUT: ===================================================================
2026-06-03 16:56:23,107 - twister - DEBUG - OUTPUT: START - test_is_full_after_fill
2026-06-03 16:56:23,107 - twister - DEBUG - OUTPUT:  PASS - test_is_full_after_fill in 0.000 seconds
2026-06-03 16:56:23,108 - twister - DEBUG - OUTPUT: ===================================================================
2026-06-03 16:56:23,108 - twister - DEBUG - OUTPUT: START - test_peek_does_not_consume
2026-06-03 16:56:23,108 - twister - DEBUG - OUTPUT:  PASS - test_peek_does_not_consume in 0.000 seconds
2026-06-03 16:56:23,108 - twister - DEBUG - OUTPUT: ===================================================================
2026-06-03 16:56:23,108 - twister - DEBUG - OUTPUT: START - test_peek_does_not_consume
2026-06-03 16:56:23,109 - twister - DEBUG - OUTPUT:  PASS - test_peek_does_not_consume in 0.000 seconds
2026-06-03 16:56:23,109 - twister - DEBUG - OUTPUT: ===================================================================
2026-06-03 16:56:23,109 - twister - DEBUG - OUTPUT: START - test_is_full_after_fill
2026-06-03 16:56:23,109 - twister - DEBUG - OUTPUT:  PASS - test_is_full_after_fill in 0.000 seconds
2026-06-03 16:56:23,109 - twister - DEBUG - OUTPUT: ===================================================================
2026-06-03 16:56:23,109 - twister - DEBUG - OUTPUT: START - test_pop_null_returns_einval
2026-06-03 16:56:23,110 - twister - DEBUG - OUTPUT: [00:00:00.000,000] [1;31m<err> ring_buf: value pointer is NULL[0m
2026-06-03 16:56:23,110 - twister - DEBUG - OUTPUT:  PASS - test_pop_null_returns_einval in 0.000 seconds
2026-06-03 16:56:23,110 - twister - DEBUG - OUTPUT: ===================================================================
2026-06-03 16:56:23,110 - twister - DEBUG - OUTPUT: START - test_peek_does_not_consume
2026-06-03 16:56:23,110 - twister - DEBUG - OUTPUT:  PASS - test_peek_does_not_consume in 0.000 seconds
2026-06-03 16:56:23,111 - twister - DEBUG - OUTPUT: ===================================================================
2026-06-03 16:56:23,111 - twister - DEBUG - OUTPUT: START - test_pop_null_returns_einval
2026-06-03 16:56:23,111 - twister - DEBUG - OUTPUT: [00:00:00.000,000] [1;31m<err> ring_buf: value pointer is NULL[0m
2026-06-03 16:56:23,111 - twister - DEBUG - OUTPUT:  PASS - test_pop_null_returns_einval in 0.000 seconds
2026-06-03 16:56:23,111 - twister - DEBUG - OUTPUT: ===================================================================
2026-06-03 16:56:23,111 - twister - DEBUG - OUTPUT: START - test_is_full_after_fill
2026-06-03 16:56:23,112 - twister - DEBUG - OUTPUT:  PASS - test_is_full_after_fill in 0.000 seconds
2026-06-03 16:56:23,112 - twister - DEBUG - OUTPUT: ===================================================================
2026-06-03 16:56:23,112 - twister - DEBUG - OUTPUT: TESTSUITE ring_buf_boundaries succeeded
2026-06-03 16:56:23,112 - twister - DEBUG - OUTPUT: Running TESTSUITE ring_buf_boundaries
2026-06-03 16:56:23,112 - twister - DEBUG - OUTPUT: ===================================================================
2026-06-03 16:56:23,112 - twister - DEBUG - OUTPUT: START - test_peek_does_not_consume
2026-06-03 16:56:23,112 - twister - DEBUG - OUTPUT:  PASS - test_peek_does_not_consume in 0.000 seconds
2026-06-03 16:56:23,113 - twister - DEBUG - OUTPUT: ===================================================================
2026-06-03 16:56:23,113 - twister - DEBUG - OUTPUT: START - test_is_full_after_fill
2026-06-03 16:56:23,113 - twister - DEBUG - OUTPUT:  PASS - test_is_full_after_fill in 0.000 seconds
2026-06-03 16:56:23,113 - twister - DEBUG - OUTPUT: ===================================================================
2026-06-03 16:56:23,113 - twister - DEBUG - OUTPUT: START - test_pop_null_returns_einval
2026-06-03 16:56:23,113 - twister - DEBUG - OUTPUT: [00:00:00.000,000] [1;31m<err> ring_buf: value pointer is NULL[0m
2026-06-03 16:56:23,113 - twister - DEBUG - OUTPUT:  PASS - test_pop_null_returns_einval in 0.000 seconds
2026-06-03 16:56:23,113 - twister - DEBUG - OUTPUT: ===================================================================
2026-06-03 16:56:23,113 - twister - DEBUG - OUTPUT: START - test_peek_does_not_consume
2026-06-03 16:56:23,114 - twister - DEBUG - OUTPUT:  PASS - test_peek_does_not_consume in 0.000 seconds
2026-06-03 16:56:23,114 - twister - DEBUG - OUTPUT: ===================================================================
2026-06-03 16:56:23,114 - twister - DEBUG - OUTPUT: START - test_is_full_after_fill
2026-06-03 16:56:23,114 - twister - DEBUG - OUTPUT:  PASS - test_is_full_after_fill in 0.000 seconds
2026-06-03 16:56:23,114 - twister - DEBUG - OUTPUT: ===================================================================
2026-06-03 16:56:23,114 - twister - DEBUG - OUTPUT: START - test_pop_null_returns_einval
2026-06-03 16:56:23,115 - twister - DEBUG - OUTPUT: [00:00:00.000,000] [1;31m<err> ring_buf: value pointer is NULL[0m
2026-06-03 16:56:23,115 - twister - DEBUG - OUTPUT:  PASS - test_pop_null_returns_einval in 0.000 seconds
2026-06-03 16:56:23,115 - twister - DEBUG - OUTPUT: ===================================================================
2026-06-03 16:56:23,115 - twister - DEBUG - OUTPUT: START - test_is_full_after_fill
2026-06-03 16:56:23,115 - twister - DEBUG - OUTPUT:  PASS - test_is_full_after_fill in 0.000 seconds
2026-06-03 16:56:23,115 - twister - DEBUG - OUTPUT: ===================================================================
2026-06-03 16:56:23,115 - twister - DEBUG - OUTPUT: START - test_peek_does_not_consume
2026-06-03 16:56:23,116 - twister - DEBUG - OUTPUT:  PASS - test_peek_does_not_consume in 0.000 seconds
2026-06-03 16:56:23,116 - twister - DEBUG - OUTPUT: ===================================================================
2026-06-03 16:56:23,116 - twister - DEBUG - OUTPUT: START - test_pop_null_returns_einval
2026-06-03 16:56:23,116 - twister - DEBUG - OUTPUT: [00:00:00.000,000] [1;31m<err> ring_buf: value pointer is NULL[0m
2026-06-03 16:56:23,116 - twister - DEBUG - OUTPUT:  PASS - test_pop_null_returns_einval in 0.000 seconds
2026-06-03 16:56:23,116 - twister - DEBUG - OUTPUT: ===================================================================
2026-06-03 16:56:23,116 - twister - DEBUG - OUTPUT: TESTSUITE ring_buf_boundaries succeeded
2026-06-03 16:56:23,116 - twister - DEBUG - OUTPUT: Running TESTSUITE ring_buf_boundaries
2026-06-03 16:56:23,117 - twister - DEBUG - OUTPUT: ===================================================================
2026-06-03 16:56:23,117 - twister - DEBUG - OUTPUT: START - test_is_full_after_fill
2026-06-03 16:56:23,117 - twister - DEBUG - OUTPUT:  PASS - test_is_full_after_fill in 0.000 seconds
2026-06-03 16:56:23,117 - twister - DEBUG - OUTPUT: ===================================================================
2026-06-03 16:56:23,117 - twister - DEBUG - OUTPUT: START - test_peek_does_not_consume
2026-06-03 16:56:23,117 - twister - DEBUG - OUTPUT:  PASS - test_peek_does_not_consume in 0.000 seconds
2026-06-03 16:56:23,118 - twister - DEBUG - OUTPUT: ===================================================================
2026-06-03 16:56:23,118 - twister - DEBUG - OUTPUT: START - test_pop_null_returns_einval
2026-06-03 16:56:23,118 - twister - DEBUG - OUTPUT: [00:00:00.000,000] [1;31m<err> ring_buf: value pointer is NULL[0m
2026-06-03 16:56:23,118 - twister - DEBUG - OUTPUT:  PASS - test_pop_null_returns_einval in 0.000 seconds
2026-06-03 16:56:23,118 - twister - DEBUG - OUTPUT: ===================================================================
2026-06-03 16:56:23,118 - twister - DEBUG - OUTPUT: START - test_peek_does_not_consume
2026-06-03 16:56:23,119 - twister - DEBUG - OUTPUT:  PASS - test_peek_does_not_consume in 0.000 seconds
2026-06-03 16:56:23,119 - twister - DEBUG - OUTPUT: ===================================================================
2026-06-03 16:56:23,119 - twister - DEBUG - OUTPUT: START - test_pop_null_returns_einval
2026-06-03 16:56:23,119 - twister - DEBUG - OUTPUT: [00:00:00.000,000] [1;31m<err> ring_buf: value pointer is NULL[0m
2026-06-03 16:56:23,119 - twister - DEBUG - OUTPUT:  PASS - test_pop_null_returns_einval in 0.000 seconds
2026-06-03 16:56:23,119 - twister - DEBUG - OUTPUT: ===================================================================
2026-06-03 16:56:23,120 - twister - DEBUG - OUTPUT: START - test_is_full_after_fill
2026-06-03 16:56:23,120 - twister - DEBUG - OUTPUT:  PASS - test_is_full_after_fill in 0.000 seconds
2026-06-03 16:56:23,120 - twister - DEBUG - OUTPUT: ===================================================================
2026-06-03 16:56:23,120 - twister - DEBUG - OUTPUT: START - test_peek_does_not_consume
2026-06-03 16:56:23,120 - twister - DEBUG - OUTPUT:  PASS - test_peek_does_not_consume in 0.000 seconds
2026-06-03 16:56:23,120 - twister - DEBUG - OUTPUT: ===================================================================
2026-06-03 16:56:23,120 - twister - DEBUG - OUTPUT: START - test_pop_null_returns_einval
2026-06-03 16:56:23,121 - twister - DEBUG - OUTPUT: [00:00:00.000,000] [1;31m<err> ring_buf: value pointer is NULL[0m
2026-06-03 16:56:23,121 - twister - DEBUG - OUTPUT:  PASS - test_pop_null_returns_einval in 0.000 seconds
2026-06-03 16:56:23,121 - twister - DEBUG - OUTPUT: ===================================================================
2026-06-03 16:56:23,121 - twister - DEBUG - OUTPUT: START - test_is_full_after_fill
2026-06-03 16:56:23,121 - twister - DEBUG - OUTPUT:  PASS - test_is_full_after_fill in 0.000 seconds
2026-06-03 16:56:23,121 - twister - DEBUG - OUTPUT: ===================================================================
2026-06-03 16:56:23,121 - twister - DEBUG - OUTPUT: TESTSUITE ring_buf_boundaries succeeded
2026-06-03 16:56:23,122 - twister - DEBUG - OUTPUT: Running TESTSUITE ring_buf_init
2026-06-03 16:56:23,122 - twister - DEBUG - OUTPUT: ===================================================================
2026-06-03 16:56:23,122 - twister - DEBUG - OUTPUT: START - test_reinit_clears_state
2026-06-03 16:56:23,122 - twister - DEBUG - OUTPUT:  PASS - test_reinit_clears_state in 0.000 seconds
2026-06-03 16:56:23,122 - twister - DEBUG - OUTPUT: ===================================================================
2026-06-03 16:56:23,122 - twister - DEBUG - OUTPUT: START - test_fresh_state
2026-06-03 16:56:23,123 - twister - DEBUG - OUTPUT:  PASS - test_fresh_state in 0.000 seconds
2026-06-03 16:56:23,123 - twister - DEBUG - OUTPUT: ===================================================================
2026-06-03 16:56:23,123 - twister - DEBUG - OUTPUT: START - test_reinit_clears_state
2026-06-03 16:56:23,123 - twister - DEBUG - OUTPUT:  PASS - test_reinit_clears_state in 0.000 seconds
2026-06-03 16:56:23,123 - twister - DEBUG - OUTPUT: ===================================================================
2026-06-03 16:56:23,123 - twister - DEBUG - OUTPUT: START - test_fresh_state
2026-06-03 16:56:23,124 - twister - DEBUG - OUTPUT:  PASS - test_fresh_state in 0.000 seconds
2026-06-03 16:56:23,124 - twister - DEBUG - OUTPUT: ===================================================================
2026-06-03 16:56:23,124 - twister - DEBUG - OUTPUT: START - test_reinit_clears_state
2026-06-03 16:56:23,124 - twister - DEBUG - OUTPUT:  PASS - test_reinit_clears_state in 0.000 seconds
2026-06-03 16:56:23,124 - twister - DEBUG - OUTPUT: ===================================================================
2026-06-03 16:56:23,124 - twister - DEBUG - OUTPUT: START - test_fresh_state
2026-06-03 16:56:23,124 - twister - DEBUG - OUTPUT:  PASS - test_fresh_state in 0.000 seconds
2026-06-03 16:56:23,125 - twister - DEBUG - OUTPUT: ===================================================================
2026-06-03 16:56:23,125 - twister - DEBUG - OUTPUT: TESTSUITE ring_buf_init succeeded
2026-06-03 16:56:23,125 - twister - DEBUG - OUTPUT: Running TESTSUITE ring_buf_init
2026-06-03 16:56:23,125 - twister - DEBUG - OUTPUT: ===================================================================
2026-06-03 16:56:23,125 - twister - DEBUG - OUTPUT: START - test_fresh_state
2026-06-03 16:56:23,125 - twister - DEBUG - OUTPUT:  PASS - test_fresh_state in 0.000 seconds
2026-06-03 16:56:23,125 - twister - DEBUG - OUTPUT: ===================================================================
2026-06-03 16:56:23,126 - twister - DEBUG - OUTPUT: START - test_reinit_clears_state
2026-06-03 16:56:23,126 - twister - DEBUG - OUTPUT:  PASS - test_reinit_clears_state in 0.000 seconds
2026-06-03 16:56:23,126 - twister - DEBUG - OUTPUT: ===================================================================
2026-06-03 16:56:23,126 - twister - DEBUG - OUTPUT: START - test_fresh_state
2026-06-03 16:56:23,126 - twister - DEBUG - OUTPUT:  PASS - test_fresh_state in 0.000 seconds
2026-06-03 16:56:23,126 - twister - DEBUG - OUTPUT: ===================================================================
2026-06-03 16:56:23,126 - twister - DEBUG - OUTPUT: START - test_reinit_clears_state
2026-06-03 16:56:23,126 - twister - DEBUG - OUTPUT:  PASS - test_reinit_clears_state in 0.000 seconds
2026-06-03 16:56:23,127 - twister - DEBUG - OUTPUT: ===================================================================
2026-06-03 16:56:23,127 - twister - DEBUG - OUTPUT: START - test_reinit_clears_state
2026-06-03 16:56:23,127 - twister - DEBUG - OUTPUT:  PASS - test_reinit_clears_state in 0.000 seconds
2026-06-03 16:56:23,127 - twister - DEBUG - OUTPUT: ===================================================================
2026-06-03 16:56:23,127 - twister - DEBUG - OUTPUT: START - test_fresh_state
2026-06-03 16:56:23,127 - twister - DEBUG - OUTPUT:  PASS - test_fresh_state in 0.000 seconds
2026-06-03 16:56:23,127 - twister - DEBUG - OUTPUT: ===================================================================
2026-06-03 16:56:23,128 - twister - DEBUG - OUTPUT: TESTSUITE ring_buf_init succeeded
2026-06-03 16:56:23,128 - twister - DEBUG - OUTPUT: Running TESTSUITE ring_buf_init
2026-06-03 16:56:23,128 - twister - DEBUG - OUTPUT: ===================================================================
2026-06-03 16:56:23,128 - twister - DEBUG - OUTPUT: START - test_fresh_state
2026-06-03 16:56:23,128 - twister - DEBUG - OUTPUT:  PASS - test_fresh_state in 0.000 seconds
2026-06-03 16:56:23,128 - twister - DEBUG - OUTPUT: ===================================================================
2026-06-03 16:56:23,128 - twister - DEBUG - OUTPUT: START - test_reinit_clears_state
2026-06-03 16:56:23,129 - twister - DEBUG - OUTPUT:  PASS - test_reinit_clears_state in 0.000 seconds
2026-06-03 16:56:23,129 - twister - DEBUG - OUTPUT: ===================================================================
2026-06-03 16:56:23,129 - twister - DEBUG - OUTPUT: START - test_fresh_state
2026-06-03 16:56:23,129 - twister - DEBUG - OUTPUT:  PASS - test_fresh_state in 0.000 seconds
2026-06-03 16:56:23,129 - twister - DEBUG - OUTPUT: ===================================================================
2026-06-03 16:56:23,129 - twister - DEBUG - OUTPUT: START - test_reinit_clears_state
2026-06-03 16:56:23,129 - twister - DEBUG - OUTPUT:  PASS - test_reinit_clears_state in 0.000 seconds
2026-06-03 16:56:23,129 - twister - DEBUG - OUTPUT: ===================================================================
2026-06-03 16:56:23,130 - twister - DEBUG - OUTPUT: START - test_reinit_clears_state
2026-06-03 16:56:23,130 - twister - DEBUG - OUTPUT:  PASS - test_reinit_clears_state in 0.000 seconds
2026-06-03 16:56:23,130 - twister - DEBUG - OUTPUT: ===================================================================
2026-06-03 16:56:23,130 - twister - DEBUG - OUTPUT: START - test_fresh_state
2026-06-03 16:56:23,130 - twister - DEBUG - OUTPUT:  PASS - test_fresh_state in 0.000 seconds
2026-06-03 16:56:23,130 - twister - DEBUG - OUTPUT: ===================================================================
2026-06-03 16:56:23,130 - twister - DEBUG - OUTPUT: TESTSUITE ring_buf_init succeeded
2026-06-03 16:56:23,131 - twister - DEBUG - OUTPUT: Running TESTSUITE ring_buf_push_pop
2026-06-03 16:56:23,131 - twister - DEBUG - OUTPUT: ===================================================================
2026-06-03 16:56:23,131 - twister - DEBUG - OUTPUT: START - test_push_full_returns_enospc
2026-06-03 16:56:23,131 - twister - DEBUG - OUTPUT: [00:00:00.000,000] [1;33m<wrn> ring_buf: buffer full (capacity=4)[0m
2026-06-03 16:56:23,131 - twister - DEBUG - OUTPUT:  PASS - test_push_full_returns_enospc in 0.000 seconds
2026-06-03 16:56:23,131 - twister - DEBUG - OUTPUT: ===================================================================
2026-06-03 16:56:23,131 - twister - DEBUG - OUTPUT: START - test_single_push_pop
2026-06-03 16:56:23,132 - twister - DEBUG - OUTPUT:  PASS - test_single_push_pop in 0.000 seconds
2026-06-03 16:56:23,132 - twister - DEBUG - OUTPUT: ===================================================================
2026-06-03 16:56:23,132 - twister - DEBUG - OUTPUT: START - test_fifo_order
2026-06-03 16:56:23,132 - twister - DEBUG - OUTPUT:  PASS - test_fifo_order in 0.000 seconds
2026-06-03 16:56:23,132 - twister - DEBUG - OUTPUT: ===================================================================
2026-06-03 16:56:23,132 - twister - DEBUG - OUTPUT: START - test_push_full_returns_enospc
2026-06-03 16:56:23,132 - twister - DEBUG - OUTPUT: [00:00:00.000,000] [1;33m<wrn> ring_buf: buffer full (capacity=4)[0m
2026-06-03 16:56:23,133 - twister - DEBUG - OUTPUT:  PASS - test_push_full_returns_enospc in 0.000 seconds
2026-06-03 16:56:23,133 - twister - DEBUG - OUTPUT: ===================================================================
2026-06-03 16:56:23,133 - twister - DEBUG - OUTPUT: START - test_fifo_order
2026-06-03 16:56:23,133 - twister - DEBUG - OUTPUT:  PASS - test_fifo_order in 0.000 seconds
2026-06-03 16:56:23,133 - twister - DEBUG - OUTPUT: ===================================================================
2026-06-03 16:56:23,133 - twister - DEBUG - OUTPUT: START - test_single_push_pop
2026-06-03 16:56:23,133 - twister - DEBUG - OUTPUT:  PASS - test_single_push_pop in 0.000 seconds
2026-06-03 16:56:23,134 - twister - DEBUG - OUTPUT: ===================================================================
2026-06-03 16:56:23,134 - twister - DEBUG - OUTPUT: START - test_single_push_pop
2026-06-03 16:56:23,134 - twister - DEBUG - OUTPUT:  PASS - test_single_push_pop in 0.000 seconds
2026-06-03 16:56:23,134 - twister - DEBUG - OUTPUT: ===================================================================
2026-06-03 16:56:23,134 - twister - DEBUG - OUTPUT: START - test_push_full_returns_enospc
2026-06-03 16:56:23,134 - twister - DEBUG - OUTPUT: [00:00:00.000,000] [1;33m<wrn> ring_buf: buffer full (capacity=4)[0m
2026-06-03 16:56:23,134 - twister - DEBUG - OUTPUT:  PASS - test_push_full_returns_enospc in 0.000 seconds
2026-06-03 16:56:23,135 - twister - DEBUG - OUTPUT: ===================================================================
2026-06-03 16:56:23,135 - twister - DEBUG - OUTPUT: START - test_fifo_order
2026-06-03 16:56:23,135 - twister - DEBUG - OUTPUT:  PASS - test_fifo_order in 0.000 seconds
2026-06-03 16:56:23,135 - twister - DEBUG - OUTPUT: ===================================================================
2026-06-03 16:56:23,135 - twister - DEBUG - OUTPUT: TESTSUITE ring_buf_push_pop succeeded
2026-06-03 16:56:23,135 - twister - DEBUG - OUTPUT: Running TESTSUITE ring_buf_push_pop
2026-06-03 16:56:23,135 - twister - DEBUG - OUTPUT: ===================================================================
2026-06-03 16:56:23,136 - twister - DEBUG - OUTPUT: START - test_push_full_returns_enospc
2026-06-03 16:56:23,136 - twister - DEBUG - OUTPUT: [00:00:00.000,000] [1;33m<wrn> ring_buf: buffer full (capacity=4)[0m
2026-06-03 16:56:23,136 - twister - DEBUG - OUTPUT:  PASS - test_push_full_returns_enospc in 0.000 seconds
2026-06-03 16:56:23,136 - twister - DEBUG - OUTPUT: ===================================================================
2026-06-03 16:56:23,136 - twister - DEBUG - OUTPUT: START - test_single_push_pop
2026-06-03 16:56:23,136 - twister - DEBUG - OUTPUT:  PASS - test_single_push_pop in 0.000 seconds
2026-06-03 16:56:23,136 - twister - DEBUG - OUTPUT: ===================================================================
2026-06-03 16:56:23,136 - twister - DEBUG - OUTPUT: START - test_fifo_order
2026-06-03 16:56:23,137 - twister - DEBUG - OUTPUT:  PASS - test_fifo_order in 0.000 seconds
2026-06-03 16:56:23,137 - twister - DEBUG - OUTPUT: ===================================================================
2026-06-03 16:56:23,137 - twister - DEBUG - OUTPUT: START - test_fifo_order
2026-06-03 16:56:23,137 - twister - DEBUG - OUTPUT:  PASS - test_fifo_order in 0.000 seconds
2026-06-03 16:56:23,137 - twister - DEBUG - OUTPUT: ===================================================================
2026-06-03 16:56:23,137 - twister - DEBUG - OUTPUT: START - test_push_full_returns_enospc
2026-06-03 16:56:23,137 - twister - DEBUG - OUTPUT: [00:00:00.000,000] [1;33m<wrn> ring_buf: buffer full (capacity=4)[0m
2026-06-03 16:56:23,138 - twister - DEBUG - OUTPUT:  PASS - test_push_full_returns_enospc in 0.000 seconds
2026-06-03 16:56:23,138 - twister - DEBUG - OUTPUT: ===================================================================
2026-06-03 16:56:23,138 - twister - DEBUG - OUTPUT: START - test_single_push_pop
2026-06-03 16:56:23,138 - twister - DEBUG - OUTPUT:  PASS - test_single_push_pop in 0.000 seconds
2026-06-03 16:56:23,138 - twister - DEBUG - OUTPUT: ===================================================================
2026-06-03 16:56:23,138 - twister - DEBUG - OUTPUT: START - test_fifo_order
2026-06-03 16:56:23,139 - twister - DEBUG - OUTPUT:  PASS - test_fifo_order in 0.000 seconds
2026-06-03 16:56:23,139 - twister - DEBUG - OUTPUT: ===================================================================
2026-06-03 16:56:23,139 - twister - DEBUG - OUTPUT: START - test_push_full_returns_enospc
2026-06-03 16:56:23,139 - twister - DEBUG - OUTPUT: [00:00:00.000,000] [1;33m<wrn> ring_buf: buffer full (capacity=4)[0m
2026-06-03 16:56:23,139 - twister - DEBUG - OUTPUT:  PASS - test_push_full_returns_enospc in 0.000 seconds
2026-06-03 16:56:23,139 - twister - DEBUG - OUTPUT: ===================================================================
2026-06-03 16:56:23,140 - twister - DEBUG - OUTPUT: START - test_single_push_pop
2026-06-03 16:56:23,140 - twister - DEBUG - OUTPUT:  PASS - test_single_push_pop in 0.000 seconds
2026-06-03 16:56:23,140 - twister - DEBUG - OUTPUT: ===================================================================
2026-06-03 16:56:23,140 - twister - DEBUG - OUTPUT: TESTSUITE ring_buf_push_pop succeeded
2026-06-03 16:56:23,140 - twister - DEBUG - OUTPUT: Running TESTSUITE ring_buf_push_pop
2026-06-03 16:56:23,141 - twister - DEBUG - OUTPUT: ===================================================================
2026-06-03 16:56:23,141 - twister - DEBUG - OUTPUT: START - test_single_push_pop
2026-06-03 16:56:23,141 - twister - DEBUG - OUTPUT:  PASS - test_single_push_pop in 0.000 seconds
2026-06-03 16:56:23,141 - twister - DEBUG - OUTPUT: ===================================================================
2026-06-03 16:56:23,141 - twister - DEBUG - OUTPUT: START - test_fifo_order
2026-06-03 16:56:23,141 - twister - DEBUG - OUTPUT:  PASS - test_fifo_order in 0.000 seconds
2026-06-03 16:56:23,142 - twister - DEBUG - OUTPUT: ===================================================================
2026-06-03 16:56:23,142 - twister - DEBUG - OUTPUT: START - test_push_full_returns_enospc
2026-06-03 16:56:23,142 - twister - DEBUG - OUTPUT: [00:00:00.000,000] [1;33m<wrn> ring_buf: buffer full (capacity=4)[0m
2026-06-03 16:56:23,142 - twister - DEBUG - OUTPUT:  PASS - test_push_full_returns_enospc in 0.000 seconds
2026-06-03 16:56:23,142 - twister - DEBUG - OUTPUT: ===================================================================
2026-06-03 16:56:23,143 - twister - DEBUG - OUTPUT: START - test_single_push_pop
2026-06-03 16:56:23,143 - twister - DEBUG - OUTPUT:  PASS - test_single_push_pop in 0.000 seconds
2026-06-03 16:56:23,143 - twister - DEBUG - OUTPUT: ===================================================================
2026-06-03 16:56:23,143 - twister - DEBUG - OUTPUT: START - test_push_full_returns_enospc
2026-06-03 16:56:23,143 - twister - DEBUG - OUTPUT: [00:00:00.000,000] [1;33m<wrn> ring_buf: buffer full (capacity=4)[0m
2026-06-03 16:56:23,143 - twister - DEBUG - OUTPUT:  PASS - test_push_full_returns_enospc in 0.000 seconds
2026-06-03 16:56:23,144 - twister - DEBUG - OUTPUT: ===================================================================
2026-06-03 16:56:23,144 - twister - DEBUG - OUTPUT: START - test_fifo_order
2026-06-03 16:56:23,144 - twister - DEBUG - OUTPUT:  PASS - test_fifo_order in 0.000 seconds
2026-06-03 16:56:23,144 - twister - DEBUG - OUTPUT: ===================================================================
2026-06-03 16:56:23,144 - twister - DEBUG - OUTPUT: START - test_single_push_pop
2026-06-03 16:56:23,144 - twister - DEBUG - OUTPUT:  PASS - test_single_push_pop in 0.000 seconds
2026-06-03 16:56:23,144 - twister - DEBUG - OUTPUT: ===================================================================
2026-06-03 16:56:23,145 - twister - DEBUG - OUTPUT: START - test_push_full_returns_enospc
2026-06-03 16:56:23,145 - twister - DEBUG - OUTPUT: [00:00:00.000,000] [1;33m<wrn> ring_buf: buffer full (capacity=4)[0m
2026-06-03 16:56:23,145 - twister - DEBUG - OUTPUT:  PASS - test_push_full_returns_enospc in 0.000 seconds
2026-06-03 16:56:23,145 - twister - DEBUG - OUTPUT: ===================================================================
2026-06-03 16:56:23,145 - twister - DEBUG - OUTPUT: START - test_fifo_order
2026-06-03 16:56:23,145 - twister - DEBUG - OUTPUT:  PASS - test_fifo_order in 0.000 seconds
2026-06-03 16:56:23,145 - twister - DEBUG - OUTPUT: ===================================================================
2026-06-03 16:56:23,146 - twister - DEBUG - OUTPUT: TESTSUITE ring_buf_push_pop succeeded
2026-06-03 16:56:23,146 - twister - DEBUG - OUTPUT: 
2026-06-03 16:56:23,146 - twister - DEBUG - OUTPUT: ------ TESTSUITE SUMMARY START ------
2026-06-03 16:56:23,146 - twister - DEBUG - OUTPUT: 
2026-06-03 16:56:23,146 - twister - DEBUG - OUTPUT: SUITE PASS - 100.00% [ring_buf_boundaries]: pass = 3, fail = 0, skip = 0, total = 3 duration = 0.000 seconds
2026-06-03 16:56:23,146 - twister - DEBUG - OUTPUT:  - PASS - [ring_buf_boundaries.test_is_full_after_fill] duration = 0.000 seconds
2026-06-03 16:56:23,146 - twister - DEBUG - OUTPUT:  - PASS - [ring_buf_boundaries.test_peek_does_not_consume] duration = 0.000 seconds
2026-06-03 16:56:23,147 - twister - DEBUG - OUTPUT:  - PASS - [ring_buf_boundaries.test_pop_null_returns_einval] duration = 0.000 seconds
2026-06-03 16:56:23,147 - twister - DEBUG - OUTPUT: 
2026-06-03 16:56:23,147 - twister - DEBUG - OUTPUT: SUITE PASS - 100.00% [ring_buf_init]: pass = 2, fail = 0, skip = 0, total = 2 duration = 0.000 seconds
2026-06-03 16:56:23,147 - twister - DEBUG - OUTPUT:  - PASS - [ring_buf_init.test_fresh_state] duration = 0.000 seconds
2026-06-03 16:56:23,147 - twister - DEBUG - OUTPUT:  - PASS - [ring_buf_init.test_reinit_clears_state] duration = 0.000 seconds
2026-06-03 16:56:23,147 - twister - DEBUG - OUTPUT: 
2026-06-03 16:56:23,147 - twister - DEBUG - OUTPUT: SUITE PASS - 100.00% [ring_buf_push_pop]: pass = 3, fail = 0, skip = 0, total = 3 duration = 0.000 seconds
2026-06-03 16:56:23,147 - twister - DEBUG - OUTPUT:  - PASS - [ring_buf_push_pop.test_fifo_order] duration = 0.000 seconds
2026-06-03 16:56:23,147 - twister - DEBUG - OUTPUT:  - PASS - [ring_buf_push_pop.test_push_full_returns_enospc] duration = 0.000 seconds
2026-06-03 16:56:23,148 - twister - DEBUG - OUTPUT:  - PASS - [ring_buf_push_pop.test_single_push_pop] duration = 0.000 seconds
2026-06-03 16:56:23,148 - twister - DEBUG - OUTPUT: 
2026-06-03 16:56:23,148 - twister - DEBUG - OUTPUT: ------ TESTSUITE SUMMARY END ------
2026-06-03 16:56:23,148 - twister - DEBUG - OUTPUT: 
2026-06-03 16:56:23,148 - twister - DEBUG - OUTPUT: ===================================================================
2026-06-03 16:56:23,148 - twister - DEBUG - OUTPUT: RunID: c0ab69bb9b5c1a7ab0e1b524748b0756
2026-06-03 16:56:23,148 - twister - DEBUG - OUTPUT: PROJECT EXECUTION SUCCESSFUL
2026-06-03 16:56:23,151 - twister - DEBUG - Expected suite names:['ring_buf_init', 'ring_buf_push_pop', 'ring_buf_boundaries']
2026-06-03 16:56:23,151 - twister - DEBUG - Detected suite names:['ring_buf_boundaries', 'ring_buf_init', 'ring_buf_push_pop']
2026-06-03 16:56:23,151 - twister - DEBUG - run status: native_sim/native/host/homework.unit.ring_buf passed
2026-06-03 16:56:23,157 - twister - INFO - 1 test scenarios (1 configurations) selected, 0 configurations filtered (0 by static filter, 0 at runtime).
2026-06-03 16:56:23,158 - twister - INFO - [32m1 of 1[39m executed test configurations passed (100.00%), 0 built (not run), 0 failed, 0 errored, with no warnings in 14.91 seconds.
2026-06-03 16:56:23,158 - twister - INFO - 8 of 8 executed test cases passed (100.00%) on 1 out of total 1115 platforms (0.09%).
2026-06-03 16:56:23,158 - twister - INFO - [32m1[39m test configurations executed on platforms, [36m0[39m test configurations were only built.
2026-06-03 16:56:23,158 - twister - INFO - Saving reports...
2026-06-03 16:56:23,158 - twister - INFO - Writing JSON report /home/jcalixto/Documents/zephyr-training/zephyr-course/twister-out/twister.json
2026-06-03 16:56:23,159 - twister - INFO - Writing xunit report /home/jcalixto/Documents/zephyr-training/zephyr-course/twister-out/twister.xml...
2026-06-03 16:56:23,160 - twister - INFO - Writing xunit report /home/jcalixto/Documents/zephyr-training/zephyr-course/twister-out/twister_report.xml...
2026-06-03 16:56:23,160 - twister - INFO - Run completed
